<?xml version="1.0" encoding="UTF-8"?>
<robot generator="Robot 7.2.2 (Python 3.12.4 on darwin)" generated="2025-04-26T13:42:44.469949" rpa="false" schemaversion="5">
<suite id="s1" name="Logo" source="/Users/henrico/Documents/henrico/Learning/IDN_Assignment/Tests/Logo.robot">
<test id="s1-t1" name="Check IDN Times Logo Is Visible" line="6">
<kw name="New Browser" owner="Browser">
<msg time="2025-04-26T13:42:44.553092" level="INFO">{"browser": "chromium", "headless": false, "chromiumSandbox": false, "devtools": false, "handleSIGHUP": true, "handleSIGINT": true, "handleSIGTERM": true, "slowMo": 0.0, "timeout": 30000.0, "tracesDir": "/Users/henrico/Documents/henrico/Learning/IDN_Assignment/browser/traces/temp/4def7980-c293-4fc3-bbbc-478d7bef42bb"}</msg>
<msg time="2025-04-26T13:42:44.588392" level="INFO">Starting Browser process /Users/henrico/Documents/henrico/Learning/IDN_Assignment/.venv/lib/python3.12/site-packages/Browser/wrapper/index.js using port 57015</msg>
<msg time="2025-04-26T13:42:44.588591" level="INFO">Node startup parameters: ['node', '/Users/henrico/Documents/henrico/Learning/IDN_Assignment/.venv/lib/python3.12/site-packages/Browser/wrapper/index.js', '57015']</msg>
<msg time="2025-04-26T13:42:46.668678" level="INFO">Successfully created browser with options: {"browser":"chromium","headless":false,"chromiumSandbox":false,"devtools":false,"handleSIGHUP":true,"handleSIGINT":true,"handleSIGTERM":true,"slowMo":0,"timeout":30000,"tracesDir":"/Users/henrico/Documents/henrico/Learning/IDN_Assignment/browser/traces/temp/4def7980-c293-4fc3-bbbc-478d7bef42bb"}</msg>
<arg>chromium</arg>
<arg>headless=false</arg>
<tag>BrowserControl</tag>
<tag>Setter</tag>
<doc>Create a new playwright Browser with specified options.</doc>
<status status="PASS" start="2025-04-26T13:42:44.552821" elapsed="2.116049"/>
</kw>
<kw name="New Context" owner="Browser">
<msg time="2025-04-26T13:42:46.670217" level="INFO">{
  "acceptDownloads": true,
  "bypassCSP": false,
  "forcedColors": "none",
  "ignoreHTTPSErrors": false,
  "javaScriptEnabled": true,
  "offline": false,
  "reducedMotion": "no-preference",
  "serviceWorkers": "allow",
  "viewport": {
    "width": 1920,
    "height": 1080
  }
}</msg>
<msg time="2025-04-26T13:42:46.694175" level="INFO">Successfully created context. </msg>
<msg time="2025-04-26T13:42:46.694220" level="INFO">{'acceptDownloads': True, 'bypassCSP': False, 'forcedColors': 'none', 'ignoreHTTPSErrors': False, 'javaScriptEnabled': True, 'offline': False, 'reducedMotion': 'no-preference', 'serviceWorkers': 'allow', 'viewport': {'width': 1920, 'height': 1080}}</msg>
<arg>viewport={'width': 1920, 'height': 1080}</arg>
<tag>BrowserControl</tag>
<tag>Setter</tag>
<doc>Create a new BrowserContext with specified options.</doc>
<status status="PASS" start="2025-04-26T13:42:46.669187" elapsed="0.025076"/>
</kw>
<kw name="New Page" owner="Browser">
<msg time="2025-04-26T13:42:48.542446" level="INFO">Successfully initialized new page object and opened url: https://www.idntimes.com</msg>
<arg>${URL}</arg>
<arg>wait_until=domcontentloaded</arg>
<tag>BrowserControl</tag>
<tag>Setter</tag>
<doc>Open a new Page.</doc>
<status status="PASS" start="2025-04-26T13:42:46.694397" elapsed="1.848157"/>
</kw>
<kw name="Wait For Elements State" owner="Browser">
<msg time="2025-04-26T13:42:48.575042" level="INFO">Waited for Element with selector [data-testid="header-logo-img"] at state visible</msg>
<arg>${LOGO_SEL}</arg>
<arg>visible</arg>
<arg>timeout=30s</arg>
<tag>PageContent</tag>
<tag>Wait</tag>
<doc>Waits for the element found by ``selector`` to satisfy state option.</doc>
<status status="PASS" start="2025-04-26T13:42:48.542734" elapsed="0.032387"/>
</kw>
<kw name="Get Element States" owner="Browser">
<msg time="2025-04-26T13:42:48.615563" level="INFO">States are: ['attached', 'visible', 'enabled', 'defocused']</msg>
<msg time="2025-04-26T13:42:48.615653" level="INFO">${states} = ['attached', 'visible', 'enabled', 'defocused']</msg>
<var>${states}</var>
<arg>${LOGO_SEL}</arg>
<tag>Assertion</tag>
<tag>Getter</tag>
<tag>PageContent</tag>
<doc>Get the active states from the element found by ``selector``.</doc>
<status status="PASS" start="2025-04-26T13:42:48.575265" elapsed="0.040400"/>
</kw>
<kw name="Should Contain" owner="BuiltIn">
<arg>${states}</arg>
<arg>visible</arg>
<doc>Fails if ``container`` does not contain ``item`` one or more times.</doc>
<status status="PASS" start="2025-04-26T13:42:48.615826" elapsed="0.000179"/>
</kw>
<kw name="Click" owner="Browser">
<msg time="2025-04-26T13:42:48.616287" level="INFO">Clicks the element '[data-testid="header-logo-img"]'.</msg>
<arg>${LOGO_SEL}</arg>
<tag>PageContent</tag>
<tag>Setter</tag>
<doc>Simulates mouse click on the element found by ``selector``.</doc>
<status status="PASS" start="2025-04-26T13:42:48.616065" elapsed="0.110135"/>
</kw>
<kw name="Close Browser" owner="Browser">
<msg time="2025-04-26T13:42:48.815452" level="INFO">Closed browser</msg>
<tag>BrowserControl</tag>
<tag>Setter</tag>
<doc>Closes the current browser.</doc>
<status status="PASS" start="2025-04-26T13:42:48.726521" elapsed="0.089034"/>
</kw>
<status status="PASS" start="2025-04-26T13:42:44.552472" elapsed="4.263247"/>
</test>
<status status="PASS" start="2025-04-26T13:42:44.470417" elapsed="4.348790"/>
</suite>
<statistics>
<total>
<stat pass="1" fail="0" skip="0">All Tests</stat>
</total>
<tag>
</tag>
<suite>
<stat name="Logo" id="s1" pass="1" fail="0" skip="0">Logo</stat>
</suite>
</statistics>
<errors>
</errors>
</robot>
